0 info it worked if it ends with ok
1 verbose cli [ '/usr/bin/node', '/usr/bin/npm', 'run', 'test' ]
2 info using npm@3.5.2
3 info using node@v8.10.0
4 verbose run-script [ 'pretest', 'test', 'posttest' ]
5 info lifecycle data-lovers@1.0.0~pretest: data-lovers@1.0.0
6 verbose lifecycle data-lovers@1.0.0~pretest: unsafe-perm in lifecycle true
7 verbose lifecycle data-lovers@1.0.0~pretest: PATH: /usr/share/npm/bin/node-gyp-bin:/home/laboratoria162-am/Documentos/Laboratoria/cdmx-2019-01-bc-core-data-lovers/node_modules/.bin:/usr/local/sbin:/usr/local/bin:/usr/sbin:/usr/bin:/sbin:/bin:/usr/games:/usr/local/games:/snap/bin
8 verbose lifecycle data-lovers@1.0.0~pretest: CWD: /home/laboratoria162-am/Documentos/Laboratoria/cdmx-2019-01-bc-core-data-lovers
9 silly lifecycle data-lovers@1.0.0~pretest: Args: [ '-c', 'npm run eslint && npm run htmlhint' ]
10 silly lifecycle data-lovers@1.0.0~pretest: Returned: code: 0  signal: null
11 info lifecycle data-lovers@1.0.0~test: data-lovers@1.0.0
12 verbose lifecycle data-lovers@1.0.0~test: unsafe-perm in lifecycle true
13 verbose lifecycle data-lovers@1.0.0~test: PATH: /usr/share/npm/bin/node-gyp-bin:/home/laboratoria162-am/Documentos/Laboratoria/cdmx-2019-01-bc-core-data-lovers/node_modules/.bin:/usr/local/sbin:/usr/local/bin:/usr/sbin:/usr/bin:/sbin:/bin:/usr/games:/usr/local/games:/snap/bin
14 verbose lifecycle data-lovers@1.0.0~test: CWD: /home/laboratoria162-am/Documentos/Laboratoria/cdmx-2019-01-bc-core-data-lovers
15 silly lifecycle data-lovers@1.0.0~test: Args: [ '-c', 'jest --coverage' ]
16 silly lifecycle data-lovers@1.0.0~test: Returned: code: 1  signal: null
17 info lifecycle data-lovers@1.0.0~test: Failed to exec test script
18 verbose stack Error: data-lovers@1.0.0 test: `jest --coverage`
18 verbose stack Exit status 1
18 verbose stack     at EventEmitter.<anonymous> (/usr/share/npm/lib/utils/lifecycle.js:232:16)
18 verbose stack     at emitTwo (events.js:126:13)
18 verbose stack     at EventEmitter.emit (events.js:214:7)
18 verbose stack     at ChildProcess.<anonymous> (/usr/share/npm/lib/utils/spawn.js:24:14)
18 verbose stack     at emitTwo (events.js:126:13)
18 verbose stack     at ChildProcess.emit (events.js:214:7)
18 verbose stack     at maybeClose (internal/child_process.js:925:16)
18 verbose stack     at Process.ChildProcess._handle.onexit (internal/child_process.js:209:5)
19 verbose pkgid data-lovers@1.0.0
20 verbose cwd /home/laboratoria162-am/Documentos/Laboratoria/cdmx-2019-01-bc-core-data-lovers
21 error Linux 4.15.0-45-generic
22 error argv "/usr/bin/node" "/usr/bin/npm" "run" "test"
23 error node v8.10.0
24 error npm  v3.5.2
25 error code ELIFECYCLE
26 error data-lovers@1.0.0 test: `jest --coverage`
26 error Exit status 1
27 error Failed at the data-lovers@1.0.0 test script 'jest --coverage'.
27 error Make sure you have the latest version of node.js and npm installed.
27 error If you do, this is most likely a problem with the data-lovers package,
27 error not with npm itself.
27 error Tell the author that this fails on your system:
27 error     jest --coverage
27 error You can get information on how to open an issue for this project with:
27 error     npm bugs data-lovers
27 error Or if that isn't available, you can get their info via:
27 error     npm owner ls data-lovers
27 error There is likely additional logging output above.
28 verbose exit [ 1, true ]
